<?xml version="1.0" encoding="UTF-8"?>
<testng-results skipped="0" failed="0" total="3" passed="3">
  <reporter-output>
  </reporter-output>
  <suite name="Default suite" duration-ms="35885" started-at="2015-04-21T23:09:32Z" finished-at="2015-04-21T23:10:08Z">
    <groups>
    </groups>
    <test name="Default test" duration-ms="35885" started-at="2015-04-21T23:09:32Z" finished-at="2015-04-21T23:10:08Z">
      <class name="com.example.tests.GroupCreationTests">
        <test-method status="PASS" signature="setUp()[pri:0, instance:com.example.tests.GroupCreationTests@e34094]" name="setUp" is-config="true" duration-ms="16337" started-at="2015-04-22T02:09:32Z" finished-at="2015-04-22T02:09:48Z">
          <reporter-output>
          </reporter-output>
        </test-method> <!-- setUp -->
        <test-method status="PASS" signature="testEmptyGroupGreation()[pri:0, instance:com.example.tests.GroupCreationTests@e34094]" name="testEmptyGroupGreation" duration-ms="5963" started-at="2015-04-22T02:09:48Z" finished-at="2015-04-22T02:09:54Z">
          <reporter-output>
          </reporter-output>
        </test-method> <!-- testEmptyGroupGreation -->
        <test-method status="PASS" signature="testNonEmptyGroupGreation()[pri:0, instance:com.example.tests.GroupCreationTests@e34094]" name="testNonEmptyGroupGreation" duration-ms="3938" started-at="2015-04-22T02:09:54Z" finished-at="2015-04-22T02:09:58Z">
          <reporter-output>
          </reporter-output>
        </test-method> <!-- testNonEmptyGroupGreation -->
        <test-method status="PASS" signature="tearDown()[pri:0, instance:com.example.tests.GroupCreationTests@e34094]" name="tearDown" is-config="true" duration-ms="400" started-at="2015-04-22T02:10:07Z" finished-at="2015-04-22T02:10:08Z">
          <reporter-output>
          </reporter-output>
        </test-method> <!-- tearDown -->
      </class> <!-- com.example.tests.GroupCreationTests -->
      <class name="com.example.tests.ContactCreationTests">
        <test-method status="PASS" signature="testNonEmptyContactCreation()[pri:0, instance:com.example.tests.ContactCreationTests@a2f435]" name="testNonEmptyContactCreation" duration-ms="9189" started-at="2015-04-22T02:09:58Z" finished-at="2015-04-22T02:10:07Z">
          <reporter-output>
          </reporter-output>
        </test-method> <!-- testNonEmptyContactCreation -->
      </class> <!-- com.example.tests.ContactCreationTests -->
    </test> <!-- Default test -->
  </suite> <!-- Default suite -->
</testng-results>
