<?xml version="1.0" encoding="UTF-8"?>
<!-- Generated by org.testng.reporters.JUnitXMLReporter -->
<testsuite hostname="Маша-ПК" name="Default test" tests="4" failures="0" timestamp="21 Apr 2015 09:06:07 GMT" time="21.773" errors="0">
  <testcase name="testEmptyGroupGreation" time="3.539" classname="com.example.tests.GroupCreationTests"/>
  <testcase name="testNonEmptyGroupGreation" time="3.187" classname="com.example.tests.GroupCreationTests"/>
  <testcase name="testEmptyGroupGreation" time="3.089" classname="com.example.tests.AlsoGroupCreationTests"/>
  <testcase name="testNonEmptyGroupGreation" time="3.239" classname="com.example.tests.AlsoGroupCreationTests"/>
</testsuite> <!-- Default test -->
